<?xml version="1.0" encoding="UTF-8"?>
<testng-results skipped="0" failed="0" total="1" passed="1">
  <reporter-output>
  </reporter-output>
  <suite name="Default suite" duration-ms="33579" started-at="2016-08-11T12:44:19Z" finished-at="2016-08-11T12:44:52Z">
    <groups>
    </groups>
    <test name="Default test" duration-ms="33579" started-at="2016-08-11T12:44:19Z" finished-at="2016-08-11T12:44:52Z">
      <class name="com.ecareer.tests.RegisterTest">
        <test-method status="PASS" signature="setup()[pri:0, instance:com.ecareer.tests.RegisterTest@77caeb3e]" name="setup" is-config="true" duration-ms="2801" started-at="2016-08-11T15:44:19Z" finished-at="2016-08-11T15:44:22Z">
          <reporter-output>
          </reporter-output>
        </test-method> <!-- setup -->
        <test-method status="PASS" signature="testSignUp(java.lang.String)[pri:0, instance:com.ecareer.tests.RegisterTest@77caeb3e]" name="testSignUp" duration-ms="28407" started-at="2016-08-11T15:44:22Z" finished-at="2016-08-11T15:44:50Z">
          <params>
            <param index="0">
              <value>
                <![CDATA[justtrying ioption params]]>
              </value>
            </param>
          </params>
          <reporter-output>
          </reporter-output>
        </test-method> <!-- testSignUp -->
        <test-method status="PASS" signature="teardown()[pri:0, instance:com.ecareer.tests.RegisterTest@77caeb3e]" name="teardown" is-config="true" duration-ms="2329" started-at="2016-08-11T15:44:50Z" finished-at="2016-08-11T15:44:52Z">
          <reporter-output>
          </reporter-output>
        </test-method> <!-- teardown -->
      </class> <!-- com.ecareer.tests.RegisterTest -->
    </test> <!-- Default test -->
  </suite> <!-- Default suite -->
</testng-results>
